# JRE version: OpenJDK Runtime Environment (8.0_242-b01) (build 1.8.0_242-release-1644-b01)
# Java VM: OpenJDK 64-Bit Server VM (25.242-b01 mixed mode windows-amd64 compressed oops)
Heap:
 PSYoungGen      total 662016K, used 437883K [0x00000000d5580000, 0x00000000fff80000, 0x0000000100000000)
  eden space 625664K, 69% used [0x00000000d5580000,0x00000000f011edc8,0x00000000fb880000)
  from space 36352K, 0% used [0x00000000fdc00000,0x00000000fdc00000,0x00000000fff80000)
  to   space 36352K, 0% used [0x00000000fb880000,0x00000000fb880000,0x00000000fdc00000)
 ParOldGen       total 135168K, used 40488K [0x0000000080000000, 0x0000000088400000, 0x00000000d5580000)
  object space 135168K, 29% used [0x0000000080000000,0x000000008278a2a0,0x0000000088400000)
 Metaspace       used 98455K, capacity 105436K, committed 105648K, reserved 1140736K
  class space    used 12779K, capacity 13959K, committed 14000K, reserved 1048576K
GC Heap History (10 events):
Event: 435.274 GC heap before
{Heap before GC invocations=15 (full 4):
 PSYoungGen      total 658432K, used 19164K [0x00000000d5580000, 0x0000000100000000, 0x0000000100000000)
  eden space 617984K, 0% used [0x00000000d5580000,0x00000000d5580000,0x00000000fb100000)
  from space 40448K, 47% used [0x00000000fb100000,0x00000000fc3b70e0,0x00000000fd880000)
  to   space 39424K, 0% used [0x00000000fd980000,0x00000000fd980000,0x0000000100000000)
 ParOldGen       total 84480K, used 78337K [0x0000000080000000, 0x0000000085280000, 0x00000000d5580000)
  object space 84480K, 92% used [0x0000000080000000,0x0000000084c80758,0x0000000085280000)
 Metaspace       used 89837K, capacity 94636K, committed 94896K, reserved 1130496K
  class space    used 11976K, capacity 12891K, committed 12976K, reserved 1048576K
Event: 435.406 GC heap after
Heap after GC invocations=15 (full 4):
 PSYoungGen      total 658432K, used 0K [0x00000000d5580000, 0x0000000100000000, 0x0000000100000000)
  eden space 617984K, 0% used [0x00000000d5580000,0x00000000d5580000,0x00000000fb100000)
  from space 40448K, 0% used [0x00000000fb100000,0x00000000fb100000,0x00000000fd880000)
  to   space 39424K, 0% used [0x00000000fd980000,0x00000000fd980000,0x0000000100000000)
 ParOldGen       total 135168K, used 55674K [0x0000000080000000, 0x0000000088400000, 0x00000000d5580000)
  object space 135168K, 41% used [0x0000000080000000,0x000000008365eb88,0x0000000088400000)
 Metaspace       used 89721K, capacity 94308K, committed 94896K, reserved 1130496K
  class space    used 11938K, capacity 12823K, committed 12976K, reserved 1048576K
}
Event: 638.786 GC heap before
{Heap before GC invocations=16 (full 4):
 PSYoungGen      total 658432K, used 617984K [0x00000000d5580000, 0x0000000100000000, 0x0000000100000000)
  eden space 617984K, 100% used [0x00000000d5580000,0x00000000fb100000,0x00000000fb100000)
  from space 40448K, 0% used [0x00000000fb100000,0x00000000fb100000,0x00000000fd880000)
  to   space 39424K, 0% used [0x00000000fd980000,0x00000000fd980000,0x0000000100000000)
 ParOldGen       total 135168K, used 55674K [0x0000000080000000, 0x0000000088400000, 0x00000000d5580000)
  object space 135168K, 41% used [0x0000000080000000,0x000000008365eb88,0x0000000088400000)
 Metaspace       used 91229K, capacity 96332K, committed 96432K, reserved 1132544K
  class space    used 12021K, capacity 12973K, committed 12976K, reserved 1048576K
Event: 638.812 GC heap after
Heap after GC invocations=16 (full 4):
 PSYoungGen      total 654336K, used 18701K [0x00000000d5580000, 0x00000000ffc00000, 0x0000000100000000)
  eden space 619008K, 0% used [0x00000000d5580000,0x00000000d5580000,0x00000000fb200000)
  from space 35328K, 52% used [0x00000000fd980000,0x00000000febc3788,0x00000000ffc00000)
  to   space 37888K, 0% used [0x00000000fb200000,0x00000000fb200000,0x00000000fd700000)
 ParOldGen       total 135168K, used 55682K [0x0000000080000000, 0x0000000088400000, 0x00000000d5580000)
  object space 135168K, 41% used [0x0000000080000000,0x0000000083660b88,0x0000000088400000)
 Metaspace       used 91229K, capacity 96332K, committed 96432K, reserved 1132544K
  class space    used 12021K, capacity 12973K, committed 12976K, reserved 1048576K
}
Event: 2995.129 GC heap before
{Heap before GC invocations=17 (full 4):
 PSYoungGen      total 654336K, used 637709K [0x00000000d5580000, 0x00000000ffc00000, 0x0000000100000000)
  eden space 619008K, 100% used [0x00000000d5580000,0x00000000fb200000,0x00000000fb200000)
  from space 35328K, 52% used [0x00000000fd980000,0x00000000febc3788,0x00000000ffc00000)
  to   space 37888K, 0% used [0x00000000fb200000,0x00000000fb200000,0x00000000fd700000)
 ParOldGen       total 135168K, used 55682K [0x0000000080000000, 0x0000000088400000, 0x00000000d5580000)
  object space 135168K, 41% used [0x0000000080000000,0x0000000083660b88,0x0000000088400000)
 Metaspace       used 93059K, capacity 98776K, committed 98992K, reserved 1134592K
  class space    used 12167K, capacity 13157K, committed 13232K, reserved 1048576K
Event: 2995.253 GC heap after
Heap after GC invocations=17 (full 4):
 PSYoungGen      total 656896K, used 18140K [0x00000000d5580000, 0x00000000fff80000, 0x0000000100000000)
  eden space 619008K, 0% used [0x00000000d5580000,0x00000000d5580000,0x00000000fb200000)
  from space 37888K, 47% used [0x00000000fb200000,0x00000000fc3b7300,0x00000000fd700000)
  to   space 36352K, 0% used [0x00000000fdc00000,0x00000000fdc00000,0x00000000fff80000)
 ParOldGen       total 135168K, used 57610K [0x0000000080000000, 0x0000000088400000, 0x00000000d5580000)
  object space 135168K, 42% used [0x0000000080000000,0x0000000083842898,0x0000000088400000)
 Metaspace       used 93059K, capacity 98776K, committed 98992K, reserved 1134592K
  class space    used 12167K, capacity 13157K, committed 13232K, reserved 1048576K
}
Event: 4362.607 GC heap before
{Heap before GC invocations=18 (full 4):
 PSYoungGen      total 656896K, used 379897K [0x00000000d5580000, 0x00000000fff80000, 0x0000000100000000)
  eden space 619008K, 58% used [0x00000000d5580000,0x00000000eb6c7148,0x00000000fb200000)
  from space 37888K, 47% used [0x00000000fb200000,0x00000000fc3b7300,0x00000000fd700000)
  to   space 36352K, 0% used [0x00000000fdc00000,0x00000000fdc00000,0x00000000fff80000)
 ParOldGen       total 135168K, used 57610K [0x0000000080000000, 0x0000000088400000, 0x00000000d5580000)
  object space 135168K, 42% used [0x0000000080000000,0x0000000083842898,0x0000000088400000)
 Metaspace       used 93339K, capacity 99098K, committed 99248K, reserved 1134592K
  class space    used 12173K, capacity 13192K, committed 13232K, reserved 1048576K
Event: 4362.616 GC heap after
Heap after GC invocations=18 (full 4):
 PSYoungGen      total 662016K, used 5061K [0x00000000d5580000, 0x00000000fff80000, 0x0000000100000000)
  eden space 625664K, 0% used [0x00000000d5580000,0x00000000d5580000,0x00000000fb880000)
  from space 36352K, 13% used [0x00000000fdc00000,0x00000000fe0f14d8,0x00000000fff80000)
  to   space 36352K, 0% used [0x00000000fb880000,0x00000000fb880000,0x00000000fdc00000)
 ParOldGen       total 135168K, used 61167K [0x0000000080000000, 0x0000000088400000, 0x00000000d5580000)
  object space 135168K, 45% used [0x0000000080000000,0x0000000083bbbe68,0x0000000088400000)
 Metaspace       used 93339K, capacity 99098K, committed 99248K, reserved 1134592K
  class space    used 12173K, capacity 13192K, committed 13232K, reserved 1048576K
}
Event: 4362.616 GC heap before
{Heap before GC invocations=19 (full 5):
 PSYoungGen      total 662016K, used 5061K [0x00000000d5580000, 0x00000000fff80000, 0x0000000100000000)
  eden space 625664K, 0% used [0x00000000d5580000,0x00000000d5580000,0x00000000fb880000)
  from space 36352K, 13% used [0x00000000fdc00000,0x00000000fe0f14d8,0x00000000fff80000)
  to   space 36352K, 0% used [0x00000000fb880000,0x00000000fb880000,0x00000000fdc00000)
 ParOldGen       total 135168K, used 61167K [0x0000000080000000, 0x0000000088400000, 0x00000000d5580000)
  object space 135168K, 45% used [0x0000000080000000,0x0000000083bbbe68,0x0000000088400000)
 Metaspace       used 93339K, capacity 99098K, committed 99248K, reserved 1134592K
  class space    used 12173K, capacity 13192K, committed 13232K, reserved 1048576K
Event: 4362.955 GC heap after
Heap after GC invocations=19 (full 5):
 PSYoungGen      total 662016K, used 0K [0x00000000d5580000, 0x00000000fff80000, 0x0000000100000000)
  eden space 625664K, 0% used [0x00000000d5580000,0x00000000d5580000,0x00000000fb880000)
  from space 36352K, 0% used [0x00000000fdc00000,0x00000000fdc00000,0x00000000fff80000)
  to   space 36352K, 0% used [0x00000000fb880000,0x00000000fb880000,0x00000000fdc00000)
 ParOldGen       total 135168K, used 40488K [0x0000000080000000, 0x0000000088400000, 0x00000000d5580000)
  object space 135168K, 29% used [0x0000000080000000,0x000000008278a2a0,0x0000000088400000)
 Metaspace       used 92809K, capacity 98258K, committed 99248K, reserved 1134592K
  class space    used 12087K, capacity 13026K, committed 13232K, reserved 1048576K
}

