# JRE version: OpenJDK Runtime Environment (8.0_242-b01) (build 1.8.0_242-release-1644-b01)
# Java VM: OpenJDK 64-Bit Server VM (25.242-b01 mixed mode windows-amd64 compressed oops)
Heap:
 PSYoungGen      total 276992K, used 47262K [0x00000000d5580000, 0x00000000f0c00000, 0x0000000100000000)
  eden space 261120K, 18% used [0x00000000d5580000,0x00000000d83a7ba0,0x00000000e5480000)
  from space 15872K, 0% used [0x00000000e5480000,0x00000000e5480000,0x00000000e6400000)
  to   space 15360K, 0% used [0x00000000efd00000,0x00000000efd00000,0x00000000f0c00000)
 ParOldGen       total 69632K, used 15040K [0x0000000080000000, 0x0000000084400000, 0x00000000d5580000)
  object space 69632K, 21% used [0x0000000080000000,0x0000000080eb0240,0x0000000084400000)
 Metaspace       used 36022K, capacity 37140K, committed 37296K, reserved 1081344K
  class space    used 4963K, capacity 5243K, committed 5296K, reserved 1048576K
GC Heap History (10 events):
Event: 8.720 GC heap before
{Heap before GC invocations=5 (full 0):
 PSYoungGen      total 138240K, used 11915K [0x00000000d5580000, 0x00000000de180000, 0x0000000100000000)
  eden space 133120K, 5% used [0x00000000d5580000,0x00000000d5c2ac08,0x00000000dd780000)
  from space 5120K, 99% used [0x00000000ddc80000,0x00000000de178010,0x00000000de180000)
  to   space 5120K, 0% used [0x00000000dd780000,0x00000000dd780000,0x00000000ddc80000)
 ParOldGen       total 87552K, used 11307K [0x0000000080000000, 0x0000000085580000, 0x00000000d5580000)
  object space 87552K, 12% used [0x0000000080000000,0x0000000080b0ae08,0x0000000085580000)
 Metaspace       used 20697K, capacity 21260K, committed 21296K, reserved 1067008K
  class space    used 2902K, capacity 3116K, committed 3120K, reserved 1048576K
Event: 8.734 GC heap after
Heap after GC invocations=5 (full 0):
 PSYoungGen      total 138240K, used 5111K [0x00000000d5580000, 0x00000000e7380000, 0x0000000100000000)
  eden space 133120K, 0% used [0x00000000d5580000,0x00000000d5580000,0x00000000dd780000)
  from space 5120K, 99% used [0x00000000dd780000,0x00000000ddc7dfc8,0x00000000ddc80000)
  to   space 13312K, 0% used [0x00000000e6680000,0x00000000e6680000,0x00000000e7380000)
 ParOldGen       total 87552K, used 11570K [0x0000000080000000, 0x0000000085580000, 0x00000000d5580000)
  object space 87552K, 13% used [0x0000000080000000,0x0000000080b4cba8,0x0000000085580000)
 Metaspace       used 20697K, capacity 21260K, committed 21296K, reserved 1067008K
  class space    used 2902K, capacity 3116K, committed 3120K, reserved 1048576K
}
Event: 8.734 GC heap before
{Heap before GC invocations=6 (full 1):
 PSYoungGen      total 138240K, used 5111K [0x00000000d5580000, 0x00000000e7380000, 0x0000000100000000)
  eden space 133120K, 0% used [0x00000000d5580000,0x00000000d5580000,0x00000000dd780000)
  from space 5120K, 99% used [0x00000000dd780000,0x00000000ddc7dfc8,0x00000000ddc80000)
  to   space 13312K, 0% used [0x00000000e6680000,0x00000000e6680000,0x00000000e7380000)
 ParOldGen       total 87552K, used 11570K [0x0000000080000000, 0x0000000085580000, 0x00000000d5580000)
  object space 87552K, 13% used [0x0000000080000000,0x0000000080b4cba8,0x0000000085580000)
 Metaspace       used 20697K, capacity 21260K, committed 21296K, reserved 1067008K
  class space    used 2902K, capacity 3116K, committed 3120K, reserved 1048576K
Event: 8.875 GC heap after
Heap after GC invocations=6 (full 1):
 PSYoungGen      total 138240K, used 0K [0x00000000d5580000, 0x00000000e7380000, 0x0000000100000000)
  eden space 133120K, 0% used [0x00000000d5580000,0x00000000d5580000,0x00000000dd780000)
  from space 5120K, 0% used [0x00000000dd780000,0x00000000dd780000,0x00000000ddc80000)
  to   space 13312K, 0% used [0x00000000e6680000,0x00000000e6680000,0x00000000e7380000)
 ParOldGen       total 56832K, used 9974K [0x0000000080000000, 0x0000000083780000, 0x00000000d5580000)
  object space 56832K, 17% used [0x0000000080000000,0x00000000809bdb18,0x0000000083780000)
 Metaspace       used 20697K, capacity 21260K, committed 21296K, reserved 1067008K
  class space    used 2902K, capacity 3116K, committed 3120K, reserved 1048576K
}
Event: 18.441 GC heap before
{Heap before GC invocations=7 (full 1):
 PSYoungGen      total 138240K, used 133120K [0x00000000d5580000, 0x00000000e7380000, 0x0000000100000000)
  eden space 133120K, 100% used [0x00000000d5580000,0x00000000dd780000,0x00000000dd780000)
  from space 5120K, 0% used [0x00000000dd780000,0x00000000dd780000,0x00000000ddc80000)
  to   space 13312K, 0% used [0x00000000e6680000,0x00000000e6680000,0x00000000e7380000)
 ParOldGen       total 56832K, used 9974K [0x0000000080000000, 0x0000000083780000, 0x00000000d5580000)
  object space 56832K, 17% used [0x0000000080000000,0x00000000809bdb18,0x0000000083780000)
 Metaspace       used 32571K, capacity 33312K, committed 33456K, reserved 1077248K
  class space    used 4456K, capacity 4673K, committed 4784K, reserved 1048576K
Event: 18.459 GC heap after
Heap after GC invocations=7 (full 1):
 PSYoungGen      total 251904K, used 13289K [0x00000000d5580000, 0x00000000e7380000, 0x0000000100000000)
  eden space 238592K, 0% used [0x00000000d5580000,0x00000000d5580000,0x00000000e3e80000)
  from space 13312K, 99% used [0x00000000e6680000,0x00000000e737a5c0,0x00000000e7380000)
  to   space 15872K, 0% used [0x00000000e5480000,0x00000000e5480000,0x00000000e6400000)
 ParOldGen       total 56832K, used 10151K [0x0000000080000000, 0x0000000083780000, 0x00000000d5580000)
  object space 56832K, 17% used [0x0000000080000000,0x00000000809e9e58,0x0000000083780000)
 Metaspace       used 32571K, capacity 33312K, committed 33456K, reserved 1077248K
  class space    used 4456K, capacity 4673K, committed 4784K, reserved 1048576K
}
Event: 19.416 GC heap before
{Heap before GC invocations=8 (full 1):
 PSYoungGen      total 251904K, used 58506K [0x00000000d5580000, 0x00000000e7380000, 0x0000000100000000)
  eden space 238592K, 18% used [0x00000000d5580000,0x00000000d81a8400,0x00000000e3e80000)
  from space 13312K, 99% used [0x00000000e6680000,0x00000000e737a5c0,0x00000000e7380000)
  to   space 15872K, 0% used [0x00000000e5480000,0x00000000e5480000,0x00000000e6400000)
 ParOldGen       total 56832K, used 10151K [0x0000000080000000, 0x0000000083780000, 0x00000000d5580000)
  object space 56832K, 17% used [0x0000000080000000,0x00000000809e9e58,0x0000000083780000)
 Metaspace       used 34521K, capacity 35430K, committed 35496K, reserved 1079296K
  class space    used 4739K, capacity 5002K, committed 5040K, reserved 1048576K
Event: 19.429 GC heap after
Heap after GC invocations=8 (full 1):
 PSYoungGen      total 276992K, used 8419K [0x00000000d5580000, 0x00000000f0c00000, 0x0000000100000000)
  eden space 261120K, 0% used [0x00000000d5580000,0x00000000d5580000,0x00000000e5480000)
  from space 15872K, 53% used [0x00000000e5480000,0x00000000e5cb8d90,0x00000000e6400000)
  to   space 15360K, 0% used [0x00000000efd00000,0x00000000efd00000,0x00000000f0c00000)
 ParOldGen       total 56832K, used 10159K [0x0000000080000000, 0x0000000083780000, 0x00000000d5580000)
  object space 56832K, 17% used [0x0000000080000000,0x00000000809ebe58,0x0000000083780000)
 Metaspace       used 34521K, capacity 35430K, committed 35496K, reserved 1079296K
  class space    used 4739K, capacity 5002K, committed 5040K, reserved 1048576K
}
Event: 19.429 GC heap before
{Heap before GC invocations=9 (full 2):
 PSYoungGen      total 276992K, used 8419K [0x00000000d5580000, 0x00000000f0c00000, 0x0000000100000000)
  eden space 261120K, 0% used [0x00000000d5580000,0x00000000d5580000,0x00000000e5480000)
  from space 15872K, 53% used [0x00000000e5480000,0x00000000e5cb8d90,0x00000000e6400000)
  to   space 15360K, 0% used [0x00000000efd00000,0x00000000efd00000,0x00000000f0c00000)
 ParOldGen       total 56832K, used 10159K [0x0000000080000000, 0x0000000083780000, 0x00000000d5580000)
  object space 56832K, 17% used [0x0000000080000000,0x00000000809ebe58,0x0000000083780000)
 Metaspace       used 34521K, capacity 35430K, committed 35496K, reserved 1079296K
  class space    used 4739K, capacity 5002K, committed 5040K, reserved 1048576K
Event: 19.519 GC heap after
Heap after GC invocations=9 (full 2):
 PSYoungGen      total 276992K, used 0K [0x00000000d5580000, 0x00000000f0c00000, 0x0000000100000000)
  eden space 261120K, 0% used [0x00000000d5580000,0x00000000d5580000,0x00000000e5480000)
  from space 15872K, 0% used [0x00000000e5480000,0x00000000e5480000,0x00000000e6400000)
  to   space 15360K, 0% used [0x00000000efd00000,0x00000000efd00000,0x00000000f0c00000)
 ParOldGen       total 69632K, used 15040K [0x0000000080000000, 0x0000000084400000, 0x00000000d5580000)
  object space 69632K, 21% used [0x0000000080000000,0x0000000080eb0240,0x0000000084400000)
 Metaspace       used 34521K, capacity 35430K, committed 35496K, reserved 1079296K
  class space    used 4739K, capacity 5002K, committed 5040K, reserved 1048576K
}

